[debug] [2022-07-09T06:04:25.416Z] ----------------------------------------------------------------------
[debug] [2022-07-09T06:04:25.419Z] Command:       C:\Program Files\nodejs\node.exe C:\Users\Heeth\AppData\Roaming\npm\node_modules\firebase-tools\lib\bin\firebase.js deploy --token $FIREBASE_TOKEN
[debug] [2022-07-09T06:04:25.420Z] CLI Version:   11.1.0
[debug] [2022-07-09T06:04:25.420Z] Platform:      win32
[debug] [2022-07-09T06:04:25.420Z] Node Version:  v14.20.0
[debug] [2022-07-09T06:04:25.422Z] Time:          Sat Jul 09 2022 11:34:25 GMT+0530 (India Standard Time)
[debug] [2022-07-09T06:04:25.422Z] ----------------------------------------------------------------------
[debug] 
[debug] [2022-07-09T06:04:25.561Z] > command requires scopes: ["email","openid","https://www.googleapis.com/auth/cloudplatformprojects.readonly","https://www.googleapis.com/auth/firebase","https://www.googleapis.com/auth/cloud-platform"]
[debug] [2022-07-09T06:04:25.561Z] > authorizing via --token option
[debug] [2022-07-09T06:04:25.561Z] [iam] checking project kalakartshop for permissions ["firebase.projects.get","firebasehosting.sites.update"]
[debug] [2022-07-09T06:04:25.564Z] > refreshing access token with scopes: []
[debug] [2022-07-09T06:04:25.566Z] >>> [apiv2][query] POST https://www.googleapis.com/oauth2/v3/token [none]
[debug] [2022-07-09T06:04:25.567Z] >>> [apiv2][body] POST https://www.googleapis.com/oauth2/v3/token [omitted]
[debug] [2022-07-09T06:04:25.866Z] <<< [apiv2][status] POST https://www.googleapis.com/oauth2/v3/token 400
[debug] [2022-07-09T06:04:25.866Z] <<< [apiv2][body] POST https://www.googleapis.com/oauth2/v3/token [omitted]
[debug] [2022-07-09T06:04:25.867Z] >>> [apiv2][query] POST https://cloudresourcemanager.googleapis.com/v1/projects/kalakartshop:testIamPermissions [none]
[debug] [2022-07-09T06:04:25.867Z] >>> [apiv2][body] POST https://cloudresourcemanager.googleapis.com/v1/projects/kalakartshop:testIamPermissions {"permissions":["firebase.projects.get","firebasehosting.sites.update"]}
[debug] [2022-07-09T06:04:27.277Z] <<< [apiv2][status] POST https://cloudresourcemanager.googleapis.com/v1/projects/kalakartshop:testIamPermissions 401
[debug] [2022-07-09T06:04:27.277Z] <<< [apiv2][body] POST https://cloudresourcemanager.googleapis.com/v1/projects/kalakartshop:testIamPermissions {"error":{"code":401,"message":"Request had invalid authentication credentials. Expected OAuth 2 access token, login cookie or other valid authentication credential. See https://developers.google.com/identity/sign-in/web/devconsole-project.","status":"UNAUTHENTICATED","details":[{"@type":"type.googleapis.com/google.rpc.ErrorInfo","reason":"ACCESS_TOKEN_TYPE_UNSUPPORTED","metadata":{"method":"google.cloudresourcemanager.v1.Projects.TestIamPermissions","service":"cloudresourcemanager.googleapis.com"}}]}}
[debug] [2022-07-09T06:04:27.280Z] [iam] error while checking permissions, command may fail: FirebaseError: HTTP Error: 401, Request had invalid authentication credentials. Expected OAuth 2 access token, login cookie or other valid authentication credential. See https://developers.google.com/identity/sign-in/web/devconsole-project.
[debug] [2022-07-09T06:04:27.282Z] > refreshing access token with scopes: []
[debug] [2022-07-09T06:04:27.284Z] >>> [apiv2][query] POST https://www.googleapis.com/oauth2/v3/token [none]
[debug] [2022-07-09T06:04:27.285Z] >>> [apiv2][body] POST https://www.googleapis.com/oauth2/v3/token [omitted]
[debug] [2022-07-09T06:04:27.461Z] <<< [apiv2][status] POST https://www.googleapis.com/oauth2/v3/token 400
[debug] [2022-07-09T06:04:27.461Z] <<< [apiv2][body] POST https://www.googleapis.com/oauth2/v3/token [omitted]
[debug] [2022-07-09T06:04:27.463Z] >>> [apiv2][query] GET https://firebase.googleapis.com/v1beta1/projects/kalakartshop [none]
[debug] [2022-07-09T06:04:27.941Z] <<< [apiv2][status] GET https://firebase.googleapis.com/v1beta1/projects/kalakartshop 401
[debug] [2022-07-09T06:04:27.942Z] <<< [apiv2][body] GET https://firebase.googleapis.com/v1beta1/projects/kalakartshop {"error":{"code":401,"message":"Request had invalid authentication credentials. Expected OAuth 2 access token, login cookie or other valid authentication credential. See https://developers.google.com/identity/sign-in/web/devconsole-project.","status":"UNAUTHENTICATED"}}
[debug] [2022-07-09T06:04:27.944Z] HTTP Error: 401, Request had invalid authentication credentials. Expected OAuth 2 access token, login cookie or other valid authentication credential. See https://developers.google.com/identity/sign-in/web/devconsole-project.
[debug] [2022-07-09T06:04:27.950Z] FirebaseError: HTTP Error: 401, Request had invalid authentication credentials. Expected OAuth 2 access token, login cookie or other valid authentication credential. See https://developers.google.com/identity/sign-in/web/devconsole-project.
    at responseToError (C:\Users\Heeth\AppData\Roaming\npm\node_modules\firebase-tools\lib\responseToError.js:49:12)
    at RetryOperation._fn (C:\Users\Heeth\AppData\Roaming\npm\node_modules\firebase-tools\lib\apiv2.js:287:77)
    at processTicksAndRejections (internal/process/task_queues.js:95:5)
[error] 
[error] Error: Failed to get Firebase project kalakartshop. Please make sure the project exists and your account has permission to access it.
